2022-09-26 10:19:37 [127.0.0.1][-][-][error][yii\web\HttpException:404] yii\base\InvalidRouteException: Unable to resolve the request "site/index". in W:\domains\zelal.loc\vendor\yiisoft\yii2\base\Module.php:561
Stack trace:
#0 W:\domains\zelal.loc\vendor\yiisoft\yii2\web\Application.php(103): yii\base\Module->runAction()
#1 W:\domains\zelal.loc\vendor\yiisoft\yii2\base\Application.php(384): yii\web\Application->handleRequest()
#2 W:\domains\zelal.loc\api\web\index.php(17): yii\base\Application->run()
#3 {main}

Next yii\web\NotFoundHttpException: Page not found. in W:\domains\zelal.loc\vendor\yiisoft\yii2\web\Application.php:115
Stack trace:
#0 W:\domains\zelal.loc\vendor\yiisoft\yii2\base\Application.php(384): yii\web\Application->handleRequest()
#1 W:\domains\zelal.loc\api\web\index.php(17): yii\base\Application->run()
#2 {main}
2022-09-26 10:19:37 [127.0.0.1][-][-][info][application] $_GET = []

$_POST = []

$_FILES = []

$_COOKIE = [
    'advanced-frontend' => 'jd3o2galg4ar9nakstkpoq8g6ifa01r0'
    '_csrf-frontend' => 'b8f3172c0f3ece4b6edc93d16a18539addd072a87f6999f1c4356983ce8c9061a:2:{i:0;s:14:\"_csrf-frontend\";i:1;s:32:\"-GgKiz-ZmmWFBk1OuHWyKwOsogWHBYE7\";}'
    'menuIsCollapsed' => 'false'
    'language' => '07e87ce5f997c68e824b3a929a01b1629a5b0f40708526cafa69f33b5d1a58b6a:2:{i:0;s:8:\"language\";i:1;s:2:\"ru\";}'
    '_csrf-backend' => 'b272a9453f043fc6cf3c63cdd131e083efd58fafa88f4f65f93b97b38cd8abb2a:2:{i:0;s:13:\"_csrf-backend\";i:1;s:32:\"RqiZVaBGYmIXuKKI0qnrWxxkWQQ2C8Ut\";}'
    'advanced-backend' => 'shmr6mcougtvljiunvfla0ievnii0qa3'
    'zelal-frontend' => 'boj5iqn06ugtlfeenuk46446t25d2icd'
]

$_SESSION = [
    '__flash' => []
    '__returnUrl' => 'http://zelal.loc/admin/site/stole'
]

$_SERVER = [
    'REDIRECT_REDIRECT_HTTP_AUTHORIZATION' => ''
    'REDIRECT_REDIRECT_HTTP2' => 'on'
    'REDIRECT_REDIRECT_H2PUSH' => 'on'
    'REDIRECT_REDIRECT_H2_PUSH' => 'on'
    'REDIRECT_REDIRECT_H2_PUSHED' => ''
    'REDIRECT_REDIRECT_H2_PUSHED_ON' => ''
    'REDIRECT_REDIRECT_H2_STREAM_ID' => '1'
    'REDIRECT_REDIRECT_H2_STREAM_TAG' => '148-1'
    'REDIRECT_REDIRECT_HTTPS' => 'on'
    'REDIRECT_REDIRECT_SSL_TLS_SNI' => 'zelal.loc'
    'REDIRECT_REDIRECT_STATUS' => '200'
    'REDIRECT_HTTP2' => 'on'
    'REDIRECT_H2PUSH' => 'on'
    'REDIRECT_H2_PUSH' => 'on'
    'REDIRECT_H2_PUSHED' => ''
    'REDIRECT_H2_PUSHED_ON' => ''
    'REDIRECT_H2_STREAM_ID' => '1'
    'REDIRECT_H2_STREAM_TAG' => '148-1'
    'REDIRECT_HTTPS' => 'on'
    'REDIRECT_SSL_TLS_SNI' => 'zelal.loc'
    'REDIRECT_STATUS' => '200'
    'HTTP2' => 'on'
    'H2PUSH' => 'on'
    'H2_PUSH' => 'on'
    'H2_PUSHED' => ''
    'H2_PUSHED_ON' => ''
    'H2_STREAM_ID' => '1'
    'H2_STREAM_TAG' => '148-1'
    'HTTPS' => 'on'
    'SSL_TLS_SNI' => 'zelal.loc'
    'SSL_SERVER_S_DN_CN' => 'localhost'
    'SSL_SERVER_I_DN_CN' => 'ospanel'
    'SSL_VERSION_INTERFACE' => 'mod_ssl/2.4.41'
    'SSL_VERSION_LIBRARY' => 'OpenSSL/1.0.2s'
    'SSL_PROTOCOL' => 'TLSv1.2'
    'SSL_SECURE_RENEG' => 'true'
    'SSL_COMPRESS_METHOD' => 'NULL'
    'SSL_CIPHER' => 'ECDHE-RSA-AES128-GCM-SHA256'
    'SSL_CIPHER_EXPORT' => 'false'
    'SSL_CIPHER_USEKEYSIZE' => '128'
    'SSL_CIPHER_ALGKEYSIZE' => '128'
    'SSL_CLIENT_VERIFY' => 'NONE'
    'SSL_SERVER_M_VERSION' => '1'
    'SSL_SERVER_M_SERIAL' => 'AF90673611D8DD9B'
    'SSL_SERVER_V_START' => 'Dec 23 10:54:34 2016 GMT'
    'SSL_SERVER_V_END' => 'Dec 20 10:54:34 2031 GMT'
    'SSL_SERVER_S_DN' => 'CN=localhost'
    'SSL_SERVER_I_DN' => 'CN=ospanel'
    'SSL_SERVER_A_KEY' => 'rsaEncryption'
    'SSL_SERVER_A_SIG' => 'sha256WithRSAEncryption'
    'SSL_SESSION_ID' => 'd9c1b797185dcf11fc8cd73f9ad60476afe5822c99c7599c247544fcaa588313'
    'SSL_SESSION_RESUMED' => 'Resumed'
    'HTTP_CACHE_CONTROL' => 'max-age=0'
    'HTTP_SEC_CH_UA' => '\"Google Chrome\";v=\"105\", \"Not)A;Brand\";v=\"8\", \"Chromium\";v=\"105\"'
    'HTTP_SEC_CH_UA_MOBILE' => '?0'
    'HTTP_SEC_CH_UA_PLATFORM' => '\"Windows\"'
    'HTTP_UPGRADE_INSECURE_REQUESTS' => '1'
    'HTTP_USER_AGENT' => 'Mozilla/5.0 (Windows NT 10.0; Win64; x64) AppleWebKit/537.36 (KHTML, like Gecko) Chrome/105.0.0.0 Safari/537.36'
    'HTTP_ACCEPT' => 'text/html,application/xhtml+xml,application/xml;q=0.9,image/avif,image/webp,image/apng,*/*;q=0.8,application/signed-exchange;v=b3;q=0.9'
    'HTTP_SEC_FETCH_SITE' => 'none'
    'HTTP_SEC_FETCH_MODE' => 'navigate'
    'HTTP_SEC_FETCH_USER' => '?1'
    'HTTP_SEC_FETCH_DEST' => 'document'
    'HTTP_ACCEPT_ENCODING' => 'gzip, deflate, br'
    'HTTP_ACCEPT_LANGUAGE' => 'ru-RU,ru;q=0.9,en-US;q=0.8,en;q=0.7,uz;q=0.6,fr;q=0.5'
    'HTTP_COOKIE' => 'advanced-frontend=jd3o2galg4ar9nakstkpoq8g6ifa01r0; _csrf-frontend=b8f3172c0f3ece4b6edc93d16a18539addd072a87f6999f1c4356983ce8c9061a%3A2%3A%7Bi%3A0%3Bs%3A14%3A%22_csrf-frontend%22%3Bi%3A1%3Bs%3A32%3A%22-GgKiz-ZmmWFBk1OuHWyKwOsogWHBYE7%22%3B%7D; menuIsCollapsed=false; language=07e87ce5f997c68e824b3a929a01b1629a5b0f40708526cafa69f33b5d1a58b6a%3A2%3A%7Bi%3A0%3Bs%3A8%3A%22language%22%3Bi%3A1%3Bs%3A2%3A%22ru%22%3B%7D; _csrf-backend=b272a9453f043fc6cf3c63cdd131e083efd58fafa88f4f65f93b97b38cd8abb2a%3A2%3A%7Bi%3A0%3Bs%3A13%3A%22_csrf-backend%22%3Bi%3A1%3Bs%3A32%3A%22RqiZVaBGYmIXuKKI0qnrWxxkWQQ2C8Ut%22%3B%7D; advanced-backend=shmr6mcougtvljiunvfla0ievnii0qa3; zelal-frontend=boj5iqn06ugtlfeenuk46446t25d2icd'
    'HTTP_HOST' => 'zelal.loc'
    'PATH' => 'w:\\modules\\php\\PHP_7.4\\ext;w:\\modules\\php\\PHP_7.4\\pear;w:\\modules\\php\\PHP_7.4\\pear\\bin;w:\\modules\\php\\PHP_7.4;w:\\modules\\wget\\bin;w:\\modules\\database\\MariaDB-10.3\\bin;w:\\modules\\http\\Apache_2.4-PHP_7.0-7.1\\bin;w:\\modules\\http\\Apache_2.4-PHP_7.0-7.1;C:\\Windows\\system32;C:\\Windows;C:\\Windows\\system32\\Wbem;C:\\Windows\\SysWOW64'
    'SystemRoot' => 'C:\\Windows'
    'COMSPEC' => 'C:\\Windows\\system32\\cmd.exe'
    'PATHEXT' => '.COM;.EXE;.BAT;.CMD;.VBS;.VBE;.JS;.JSE;.WSF;.WSH;.MSC'
    'WINDIR' => 'C:\\Windows'
    'SERVER_SIGNATURE' => ''
    'SERVER_SOFTWARE' => 'Apache'
    'SERVER_NAME' => 'zelal.loc'
    'SERVER_ADDR' => '127.0.0.1'
    'SERVER_PORT' => '443'
    'REMOTE_ADDR' => '127.0.0.1'
    'DOCUMENT_ROOT' => 'W:/domains/zelal.loc'
    'REQUEST_SCHEME' => 'https'
    'CONTEXT_PREFIX' => ''
    'CONTEXT_DOCUMENT_ROOT' => 'W:/domains/zelal.loc'
    'SERVER_ADMIN' => '[no address given]'
    'SCRIPT_FILENAME' => 'W:/domains/zelal.loc/api/web/index.php'
    'REMOTE_PORT' => '54965'
    'REDIRECT_URL' => '/api/web/site/index'
    'GATEWAY_INTERFACE' => 'CGI/1.1'
    'SERVER_PROTOCOL' => 'HTTP/2.0'
    'REQUEST_METHOD' => 'GET'
    'QUERY_STRING' => ''
    'REQUEST_URI' => '/api/site/index'
    'SCRIPT_NAME' => '/api/web/index.php'
    'PHP_SELF' => '/api/web/index.php'
    'REQUEST_TIME_FLOAT' => 1664176777.519
    'REQUEST_TIME' => 1664176777
]
2022-09-26 10:20:32 [127.0.0.1][-][shmr6mcougtvljiunvfla0ievnii0qa3][error][Error] Error: Call to undefined function api\controllers\dd() in W:\domains\zelal.loc\api\controllers\SiteController.php:32
Stack trace:
#0 [internal function]: api\controllers\SiteController->actionIndex()
#1 W:\domains\zelal.loc\vendor\yiisoft\yii2\base\InlineAction.php(57): call_user_func_array()
#2 W:\domains\zelal.loc\vendor\yiisoft\yii2\base\Controller.php(178): yii\base\InlineAction->runWithParams()
#3 W:\domains\zelal.loc\vendor\yiisoft\yii2\base\Module.php(552): yii\base\Controller->runAction()
#4 W:\domains\zelal.loc\vendor\yiisoft\yii2\web\Application.php(103): yii\base\Module->runAction()
#5 W:\domains\zelal.loc\vendor\yiisoft\yii2\base\Application.php(384): yii\web\Application->handleRequest()
#6 W:\domains\zelal.loc\api\web\index.php(17): yii\base\Application->run()
#7 {main}
2022-09-26 10:20:32 [127.0.0.1][-][shmr6mcougtvljiunvfla0ievnii0qa3][info][application] $_GET = []

$_POST = []

$_FILES = []

$_COOKIE = [
    'advanced-frontend' => 'jd3o2galg4ar9nakstkpoq8g6ifa01r0'
    '_csrf-frontend' => 'b8f3172c0f3ece4b6edc93d16a18539addd072a87f6999f1c4356983ce8c9061a:2:{i:0;s:14:\"_csrf-frontend\";i:1;s:32:\"-GgKiz-ZmmWFBk1OuHWyKwOsogWHBYE7\";}'
    'menuIsCollapsed' => 'false'
    'language' => '07e87ce5f997c68e824b3a929a01b1629a5b0f40708526cafa69f33b5d1a58b6a:2:{i:0;s:8:\"language\";i:1;s:2:\"ru\";}'
    '_csrf-backend' => 'b272a9453f043fc6cf3c63cdd131e083efd58fafa88f4f65f93b97b38cd8abb2a:2:{i:0;s:13:\"_csrf-backend\";i:1;s:32:\"RqiZVaBGYmIXuKKI0qnrWxxkWQQ2C8Ut\";}'
    'advanced-backend' => 'shmr6mcougtvljiunvfla0ievnii0qa3'
    'zelal-frontend' => 'boj5iqn06ugtlfeenuk46446t25d2icd'
]

$_SESSION = [
    '__flash' => []
    '__returnUrl' => 'http://zelal.loc/admin/site/stole'
]

$_SERVER = [
    'REDIRECT_REDIRECT_HTTP_AUTHORIZATION' => ''
    'REDIRECT_REDIRECT_HTTP2' => 'on'
    'REDIRECT_REDIRECT_H2PUSH' => 'on'
    'REDIRECT_REDIRECT_H2_PUSH' => 'on'
    'REDIRECT_REDIRECT_H2_PUSHED' => ''
    'REDIRECT_REDIRECT_H2_PUSHED_ON' => ''
    'REDIRECT_REDIRECT_H2_STREAM_ID' => '5'
    'REDIRECT_REDIRECT_H2_STREAM_TAG' => '148-5'
    'REDIRECT_REDIRECT_HTTPS' => 'on'
    'REDIRECT_REDIRECT_SSL_TLS_SNI' => 'zelal.loc'
    'REDIRECT_REDIRECT_STATUS' => '200'
    'REDIRECT_HTTP2' => 'on'
    'REDIRECT_H2PUSH' => 'on'
    'REDIRECT_H2_PUSH' => 'on'
    'REDIRECT_H2_PUSHED' => ''
    'REDIRECT_H2_PUSHED_ON' => ''
    'REDIRECT_H2_STREAM_ID' => '5'
    'REDIRECT_H2_STREAM_TAG' => '148-5'
    'REDIRECT_HTTPS' => 'on'
    'REDIRECT_SSL_TLS_SNI' => 'zelal.loc'
    'REDIRECT_STATUS' => '200'
    'HTTP2' => 'on'
    'H2PUSH' => 'on'
    'H2_PUSH' => 'on'
    'H2_PUSHED' => ''
    'H2_PUSHED_ON' => ''
    'H2_STREAM_ID' => '5'
    'H2_STREAM_TAG' => '148-5'
    'HTTPS' => 'on'
    'SSL_TLS_SNI' => 'zelal.loc'
    'SSL_SERVER_S_DN_CN' => 'localhost'
    'SSL_SERVER_I_DN_CN' => 'ospanel'
    'SSL_VERSION_INTERFACE' => 'mod_ssl/2.4.41'
    'SSL_VERSION_LIBRARY' => 'OpenSSL/1.0.2s'
    'SSL_PROTOCOL' => 'TLSv1.2'
    'SSL_SECURE_RENEG' => 'true'
    'SSL_COMPRESS_METHOD' => 'NULL'
    'SSL_CIPHER' => 'ECDHE-RSA-AES128-GCM-SHA256'
    'SSL_CIPHER_EXPORT' => 'false'
    'SSL_CIPHER_USEKEYSIZE' => '128'
    'SSL_CIPHER_ALGKEYSIZE' => '128'
    'SSL_CLIENT_VERIFY' => 'NONE'
    'SSL_SERVER_M_VERSION' => '1'
    'SSL_SERVER_M_SERIAL' => 'AF90673611D8DD9B'
    'SSL_SERVER_V_START' => 'Dec 23 10:54:34 2016 GMT'
    'SSL_SERVER_V_END' => 'Dec 20 10:54:34 2031 GMT'
    'SSL_SERVER_S_DN' => 'CN=localhost'
    'SSL_SERVER_I_DN' => 'CN=ospanel'
    'SSL_SERVER_A_KEY' => 'rsaEncryption'
    'SSL_SERVER_A_SIG' => 'sha256WithRSAEncryption'
    'SSL_SESSION_ID' => 'd9c1b797185dcf11fc8cd73f9ad60476afe5822c99c7599c247544fcaa588313'
    'SSL_SESSION_RESUMED' => 'Resumed'
    'HTTP_CACHE_CONTROL' => 'max-age=0'
    'HTTP_SEC_CH_UA' => '\"Google Chrome\";v=\"105\", \"Not)A;Brand\";v=\"8\", \"Chromium\";v=\"105\"'
    'HTTP_SEC_CH_UA_MOBILE' => '?0'
    'HTTP_SEC_CH_UA_PLATFORM' => '\"Windows\"'
    'HTTP_UPGRADE_INSECURE_REQUESTS' => '1'
    'HTTP_USER_AGENT' => 'Mozilla/5.0 (Windows NT 10.0; Win64; x64) AppleWebKit/537.36 (KHTML, like Gecko) Chrome/105.0.0.0 Safari/537.36'
    'HTTP_ACCEPT' => 'text/html,application/xhtml+xml,application/xml;q=0.9,image/avif,image/webp,image/apng,*/*;q=0.8,application/signed-exchange;v=b3;q=0.9'
    'HTTP_SEC_FETCH_SITE' => 'none'
    'HTTP_SEC_FETCH_MODE' => 'navigate'
    'HTTP_SEC_FETCH_USER' => '?1'
    'HTTP_SEC_FETCH_DEST' => 'document'
    'HTTP_ACCEPT_ENCODING' => 'gzip, deflate, br'
    'HTTP_ACCEPT_LANGUAGE' => 'ru-RU,ru;q=0.9,en-US;q=0.8,en;q=0.7,uz;q=0.6,fr;q=0.5'
    'HTTP_COOKIE' => 'advanced-frontend=jd3o2galg4ar9nakstkpoq8g6ifa01r0; _csrf-frontend=b8f3172c0f3ece4b6edc93d16a18539addd072a87f6999f1c4356983ce8c9061a%3A2%3A%7Bi%3A0%3Bs%3A14%3A%22_csrf-frontend%22%3Bi%3A1%3Bs%3A32%3A%22-GgKiz-ZmmWFBk1OuHWyKwOsogWHBYE7%22%3B%7D; menuIsCollapsed=false; language=07e87ce5f997c68e824b3a929a01b1629a5b0f40708526cafa69f33b5d1a58b6a%3A2%3A%7Bi%3A0%3Bs%3A8%3A%22language%22%3Bi%3A1%3Bs%3A2%3A%22ru%22%3B%7D; _csrf-backend=b272a9453f043fc6cf3c63cdd131e083efd58fafa88f4f65f93b97b38cd8abb2a%3A2%3A%7Bi%3A0%3Bs%3A13%3A%22_csrf-backend%22%3Bi%3A1%3Bs%3A32%3A%22RqiZVaBGYmIXuKKI0qnrWxxkWQQ2C8Ut%22%3B%7D; advanced-backend=shmr6mcougtvljiunvfla0ievnii0qa3; zelal-frontend=boj5iqn06ugtlfeenuk46446t25d2icd'
    'HTTP_HOST' => 'zelal.loc'
    'PATH' => 'w:\\modules\\php\\PHP_7.4\\ext;w:\\modules\\php\\PHP_7.4\\pear;w:\\modules\\php\\PHP_7.4\\pear\\bin;w:\\modules\\php\\PHP_7.4;w:\\modules\\wget\\bin;w:\\modules\\database\\MariaDB-10.3\\bin;w:\\modules\\http\\Apache_2.4-PHP_7.0-7.1\\bin;w:\\modules\\http\\Apache_2.4-PHP_7.0-7.1;C:\\Windows\\system32;C:\\Windows;C:\\Windows\\system32\\Wbem;C:\\Windows\\SysWOW64'
    'SystemRoot' => 'C:\\Windows'
    'COMSPEC' => 'C:\\Windows\\system32\\cmd.exe'
    'PATHEXT' => '.COM;.EXE;.BAT;.CMD;.VBS;.VBE;.JS;.JSE;.WSF;.WSH;.MSC'
    'WINDIR' => 'C:\\Windows'
    'SERVER_SIGNATURE' => ''
    'SERVER_SOFTWARE' => 'Apache'
    'SERVER_NAME' => 'zelal.loc'
    'SERVER_ADDR' => '127.0.0.1'
    'SERVER_PORT' => '443'
    'REMOTE_ADDR' => '127.0.0.1'
    'DOCUMENT_ROOT' => 'W:/domains/zelal.loc'
    'REQUEST_SCHEME' => 'https'
    'CONTEXT_PREFIX' => ''
    'CONTEXT_DOCUMENT_ROOT' => 'W:/domains/zelal.loc'
    'SERVER_ADMIN' => '[no address given]'
    'SCRIPT_FILENAME' => 'W:/domains/zelal.loc/api/web/index.php'
    'REMOTE_PORT' => '54965'
    'REDIRECT_URL' => '/api/web/site/index'
    'GATEWAY_INTERFACE' => 'CGI/1.1'
    'SERVER_PROTOCOL' => 'HTTP/2.0'
    'REQUEST_METHOD' => 'GET'
    'QUERY_STRING' => ''
    'REQUEST_URI' => '/api/site/index'
    'SCRIPT_NAME' => '/api/web/index.php'
    'PHP_SELF' => '/api/web/index.php'
    'REQUEST_TIME_FLOAT' => 1664176832.088
    'REQUEST_TIME' => 1664176832
]
